Determining if the pthread_create exist failed with the following output:
Change Dir: /home/bharath/quad/build/hector_geotiff/CMakeFiles/CMakeTmp

Run Build Command:"/usr/bin/make" "cmTC_0b56d/fast"
/usr/bin/make -f CMakeFiles/cmTC_0b56d.dir/build.make CMakeFiles/cmTC_0b56d.dir/build
make[1]: Entering directory '/home/bharath/quad/build/hector_geotiff/CMakeFiles/CMakeTmp'
Building C object CMakeFiles/cmTC_0b56d.dir/CheckSymbolExists.c.o
/usr/bin/cc    -o CMakeFiles/cmTC_0b56d.dir/CheckSymbolExists.c.o   -c /home/bharath/quad/build/hector_geotiff/CMakeFiles/CMakeTmp/CheckSymbolExists.c
Linking C executable cmTC_0b56d
/usr/bin/cmake -E cmake_link_script CMakeFiles/cmTC_0b56d.dir/link.txt --verbose=1
/usr/bin/cc      -rdynamic CMakeFiles/cmTC_0b56d.dir/CheckSymbolExists.c.o  -o cmTC_0b56d 
CMakeFiles/cmTC_0b56d.dir/CheckSymbolExists.c.o: In function `main':
CheckSymbolExists.c:(.text+0x1b): undefined reference to `pthread_create'
collect2: error: ld returned 1 exit status
CMakeFiles/cmTC_0b56d.dir/build.make:97: recipe for target 'cmTC_0b56d' failed
make[1]: *** [cmTC_0b56d] Error 1
make[1]: Leaving directory '/home/bharath/quad/build/hector_geotiff/CMakeFiles/CMakeTmp'
Makefile:126: recipe for target 'cmTC_0b56d/fast' failed
make: *** [cmTC_0b56d/fast] Error 2

File /home/bharath/quad/build/hector_geotiff/CMakeFiles/CMakeTmp/CheckSymbolExists.c:
/* */
#include <pthread.h>

int main(int argc, char** argv)
{
  (void)argv;
#ifndef pthread_create
  return ((int*)(&pthread_create))[argc];
#else
  (void)argc;
  return 0;
#endif
}

Determining if the function pthread_create exists in the pthreads failed with the following output:
Change Dir: /home/bharath/quad/build/hector_geotiff/CMakeFiles/CMakeTmp

Run Build Command:"/usr/bin/make" "cmTC_46c57/fast"
/usr/bin/make -f CMakeFiles/cmTC_46c57.dir/build.make CMakeFiles/cmTC_46c57.dir/build
make[1]: Entering directory '/home/bharath/quad/build/hector_geotiff/CMakeFiles/CMakeTmp'
Building C object CMakeFiles/cmTC_46c57.dir/CheckFunctionExists.c.o
/usr/bin/cc   -DCHECK_FUNCTION_EXISTS=pthread_create   -o CMakeFiles/cmTC_46c57.dir/CheckFunctionExists.c.o   -c /usr/share/cmake-3.10/Modules/CheckFunctionExists.c
Linking C executable cmTC_46c57
/usr/bin/cmake -E cmake_link_script CMakeFiles/cmTC_46c57.dir/link.txt --verbose=1
/usr/bin/cc  -DCHECK_FUNCTION_EXISTS=pthread_create    -rdynamic CMakeFiles/cmTC_46c57.dir/CheckFunctionExists.c.o  -o cmTC_46c57 -lpthreads 
/usr/bin/ld: cannot find -lpthreads
collect2: error: ld returned 1 exit status
CMakeFiles/cmTC_46c57.dir/build.make:97: recipe for target 'cmTC_46c57' failed
make[1]: *** [cmTC_46c57] Error 1
make[1]: Leaving directory '/home/bharath/quad/build/hector_geotiff/CMakeFiles/CMakeTmp'
Makefile:126: recipe for target 'cmTC_46c57/fast' failed
make: *** [cmTC_46c57/fast] Error 2


Determining if the Q_WS_WIN exist failed with the following output:
Change Dir: /home/bharath/quad/build/hector_geotiff/CMakeFiles/CMakeTmp

Run Build Command:"/usr/bin/make" "cmTC_24687/fast"
/usr/bin/make -f CMakeFiles/cmTC_24687.dir/build.make CMakeFiles/cmTC_24687.dir/build
make[1]: Entering directory '/home/bharath/quad/build/hector_geotiff/CMakeFiles/CMakeTmp'
Building CXX object CMakeFiles/cmTC_24687.dir/CheckSymbolExists.cxx.o
/usr/bin/c++   -I/usr/include/qt4   -o CMakeFiles/cmTC_24687.dir/CheckSymbolExists.cxx.o -c /home/bharath/quad/build/hector_geotiff/CMakeFiles/CMakeTmp/CheckSymbolExists.cxx
/home/bharath/quad/build/hector_geotiff/CMakeFiles/CMakeTmp/CheckSymbolExists.cxx: In function ‘int main(int, char**)’:
/home/bharath/quad/build/hector_geotiff/CMakeFiles/CMakeTmp/CheckSymbolExists.cxx:8:19: error: ‘Q_WS_WIN’ was not declared in this scope
   return ((int*)(&Q_WS_WIN))[argc];
                   ^~~~~~~~
/home/bharath/quad/build/hector_geotiff/CMakeFiles/CMakeTmp/CheckSymbolExists.cxx:8:19: note: suggested alternative: ‘Q_WS_X11’
   return ((int*)(&Q_WS_WIN))[argc];
                   ^~~~~~~~
                   Q_WS_X11
CMakeFiles/cmTC_24687.dir/build.make:65: recipe for target 'CMakeFiles/cmTC_24687.dir/CheckSymbolExists.cxx.o' failed
make[1]: *** [CMakeFiles/cmTC_24687.dir/CheckSymbolExists.cxx.o] Error 1
make[1]: Leaving directory '/home/bharath/quad/build/hector_geotiff/CMakeFiles/CMakeTmp'
Makefile:126: recipe for target 'cmTC_24687/fast' failed
make: *** [cmTC_24687/fast] Error 2

File /home/bharath/quad/build/hector_geotiff/CMakeFiles/CMakeTmp/CheckSymbolExists.cxx:
/* */
#include <QtCore/qglobal.h>

int main(int argc, char** argv)
{
  (void)argv;
#ifndef Q_WS_WIN
  return ((int*)(&Q_WS_WIN))[argc];
#else
  (void)argc;
  return 0;
#endif
}

Determining if the Q_WS_QWS exist failed with the following output:
Change Dir: /home/bharath/quad/build/hector_geotiff/CMakeFiles/CMakeTmp

Run Build Command:"/usr/bin/make" "cmTC_3dccb/fast"
/usr/bin/make -f CMakeFiles/cmTC_3dccb.dir/build.make CMakeFiles/cmTC_3dccb.dir/build
make[1]: Entering directory '/home/bharath/quad/build/hector_geotiff/CMakeFiles/CMakeTmp'
Building CXX object CMakeFiles/cmTC_3dccb.dir/CheckSymbolExists.cxx.o
/usr/bin/c++   -I/usr/include/qt4   -o CMakeFiles/cmTC_3dccb.dir/CheckSymbolExists.cxx.o -c /home/bharath/quad/build/hector_geotiff/CMakeFiles/CMakeTmp/CheckSymbolExists.cxx
/home/bharath/quad/build/hector_geotiff/CMakeFiles/CMakeTmp/CheckSymbolExists.cxx: In function ‘int main(int, char**)’:
/home/bharath/quad/build/hector_geotiff/CMakeFiles/CMakeTmp/CheckSymbolExists.cxx:8:19: error: ‘Q_WS_QWS’ was not declared in this scope
   return ((int*)(&Q_WS_QWS))[argc];
                   ^~~~~~~~
/home/bharath/quad/build/hector_geotiff/CMakeFiles/CMakeTmp/CheckSymbolExists.cxx:8:19: note: suggested alternative: ‘Q_WS_X11’
   return ((int*)(&Q_WS_QWS))[argc];
                   ^~~~~~~~
                   Q_WS_X11
CMakeFiles/cmTC_3dccb.dir/build.make:65: recipe for target 'CMakeFiles/cmTC_3dccb.dir/CheckSymbolExists.cxx.o' failed
make[1]: *** [CMakeFiles/cmTC_3dccb.dir/CheckSymbolExists.cxx.o] Error 1
make[1]: Leaving directory '/home/bharath/quad/build/hector_geotiff/CMakeFiles/CMakeTmp'
Makefile:126: recipe for target 'cmTC_3dccb/fast' failed
make: *** [cmTC_3dccb/fast] Error 2

File /home/bharath/quad/build/hector_geotiff/CMakeFiles/CMakeTmp/CheckSymbolExists.cxx:
/* */
#include <QtCore/qglobal.h>

int main(int argc, char** argv)
{
  (void)argv;
#ifndef Q_WS_QWS
  return ((int*)(&Q_WS_QWS))[argc];
#else
  (void)argc;
  return 0;
#endif
}

Determining if the Q_WS_MAC exist failed with the following output:
Change Dir: /home/bharath/quad/build/hector_geotiff/CMakeFiles/CMakeTmp

Run Build Command:"/usr/bin/make" "cmTC_c9e92/fast"
/usr/bin/make -f CMakeFiles/cmTC_c9e92.dir/build.make CMakeFiles/cmTC_c9e92.dir/build
make[1]: Entering directory '/home/bharath/quad/build/hector_geotiff/CMakeFiles/CMakeTmp'
Building CXX object CMakeFiles/cmTC_c9e92.dir/CheckSymbolExists.cxx.o
/usr/bin/c++   -I/usr/include/qt4   -o CMakeFiles/cmTC_c9e92.dir/CheckSymbolExists.cxx.o -c /home/bharath/quad/build/hector_geotiff/CMakeFiles/CMakeTmp/CheckSymbolExists.cxx
/home/bharath/quad/build/hector_geotiff/CMakeFiles/CMakeTmp/CheckSymbolExists.cxx: In function ‘int main(int, char**)’:
/home/bharath/quad/build/hector_geotiff/CMakeFiles/CMakeTmp/CheckSymbolExists.cxx:8:19: error: ‘Q_WS_MAC’ was not declared in this scope
   return ((int*)(&Q_WS_MAC))[argc];
                   ^~~~~~~~
/home/bharath/quad/build/hector_geotiff/CMakeFiles/CMakeTmp/CheckSymbolExists.cxx:8:19: note: suggested alternative: ‘Q_WS_X11’
   return ((int*)(&Q_WS_MAC))[argc];
                   ^~~~~~~~
                   Q_WS_X11
CMakeFiles/cmTC_c9e92.dir/build.make:65: recipe for target 'CMakeFiles/cmTC_c9e92.dir/CheckSymbolExists.cxx.o' failed
make[1]: *** [CMakeFiles/cmTC_c9e92.dir/CheckSymbolExists.cxx.o] Error 1
make[1]: Leaving directory '/home/bharath/quad/build/hector_geotiff/CMakeFiles/CMakeTmp'
Makefile:126: recipe for target 'cmTC_c9e92/fast' failed
make: *** [cmTC_c9e92/fast] Error 2

File /home/bharath/quad/build/hector_geotiff/CMakeFiles/CMakeTmp/CheckSymbolExists.cxx:
/* */
#include <QtCore/qglobal.h>

int main(int argc, char** argv)
{
  (void)argv;
#ifndef Q_WS_MAC
  return ((int*)(&Q_WS_MAC))[argc];
#else
  (void)argc;
  return 0;
#endif
}

