Linked: (/home/bharath/quad/devel/.private/hector_mapping/lib/hector_mapping/hector_mapping, /home/bharath/quad/devel/lib/hector_mapping/hector_mapping)
Linked: (/home/bharath/quad/devel/.private/hector_mapping/lib/python2.7/dist-packages/hector_mapping/__init__.py, /home/bharath/quad/devel/lib/python2.7/dist-packages/hector_mapping/__init__.py)
Linked: (/home/bharath/quad/devel/.private/hector_mapping/lib/python2.7/dist-packages/hector_mapping/msg/__init__.py, /home/bharath/quad/devel/lib/python2.7/dist-packages/hector_mapping/msg/__init__.py)
Linked: (/home/bharath/quad/devel/.private/hector_mapping/lib/python2.7/dist-packages/hector_mapping/msg/_HectorDebugInfo.py, /home/bharath/quad/devel/lib/python2.7/dist-packages/hector_mapping/msg/_HectorDebugInfo.py)
Linked: (/home/bharath/quad/devel/.private/hector_mapping/lib/python2.7/dist-packages/hector_mapping/msg/_HectorIterData.py, /home/bharath/quad/devel/lib/python2.7/dist-packages/hector_mapping/msg/_HectorIterData.py)
Linked: (/home/bharath/quad/devel/.private/hector_mapping/lib/pkgconfig/hector_mapping.pc, /home/bharath/quad/devel/lib/pkgconfig/hector_mapping.pc)
Linked: (/home/bharath/quad/devel/.private/hector_mapping/share/hector_mapping/cmake/hector_mapping-msg-extras.cmake, /home/bharath/quad/devel/share/hector_mapping/cmake/hector_mapping-msg-extras.cmake)
Linked: (/home/bharath/quad/devel/.private/hector_mapping/share/hector_mapping/cmake/hector_mappingConfig.cmake, /home/bharath/quad/devel/share/hector_mapping/cmake/hector_mappingConfig.cmake)
Linked: (/home/bharath/quad/devel/.private/hector_mapping/share/hector_mapping/cmake/hector_mappingConfig-version.cmake, /home/bharath/quad/devel/share/hector_mapping/cmake/hector_mappingConfig-version.cmake)
Linked: (/home/bharath/quad/devel/.private/hector_mapping/share/hector_mapping/cmake/hector_mapping-msg-paths.cmake, /home/bharath/quad/devel/share/hector_mapping/cmake/hector_mapping-msg-paths.cmake)
Linked: (/home/bharath/quad/devel/.private/hector_mapping/share/common-lisp/ros/hector_mapping/msg/_package.lisp, /home/bharath/quad/devel/share/common-lisp/ros/hector_mapping/msg/_package.lisp)
Linked: (/home/bharath/quad/devel/.private/hector_mapping/share/common-lisp/ros/hector_mapping/msg/hector_mapping-msg.asd, /home/bharath/quad/devel/share/common-lisp/ros/hector_mapping/msg/hector_mapping-msg.asd)
Linked: (/home/bharath/quad/devel/.private/hector_mapping/share/common-lisp/ros/hector_mapping/msg/_package_HectorIterData.lisp, /home/bharath/quad/devel/share/common-lisp/ros/hector_mapping/msg/_package_HectorIterData.lisp)
Linked: (/home/bharath/quad/devel/.private/hector_mapping/share/common-lisp/ros/hector_mapping/msg/HectorDebugInfo.lisp, /home/bharath/quad/devel/share/common-lisp/ros/hector_mapping/msg/HectorDebugInfo.lisp)
Linked: (/home/bharath/quad/devel/.private/hector_mapping/share/common-lisp/ros/hector_mapping/msg/HectorIterData.lisp, /home/bharath/quad/devel/share/common-lisp/ros/hector_mapping/msg/HectorIterData.lisp)
Linked: (/home/bharath/quad/devel/.private/hector_mapping/share/common-lisp/ros/hector_mapping/msg/_package_HectorDebugInfo.lisp, /home/bharath/quad/devel/share/common-lisp/ros/hector_mapping/msg/_package_HectorDebugInfo.lisp)
Linked: (/home/bharath/quad/devel/.private/hector_mapping/share/gennodejs/ros/hector_mapping/_index.js, /home/bharath/quad/devel/share/gennodejs/ros/hector_mapping/_index.js)
Linked: (/home/bharath/quad/devel/.private/hector_mapping/share/gennodejs/ros/hector_mapping/msg/_index.js, /home/bharath/quad/devel/share/gennodejs/ros/hector_mapping/msg/_index.js)
Linked: (/home/bharath/quad/devel/.private/hector_mapping/share/gennodejs/ros/hector_mapping/msg/HectorDebugInfo.js, /home/bharath/quad/devel/share/gennodejs/ros/hector_mapping/msg/HectorDebugInfo.js)
Linked: (/home/bharath/quad/devel/.private/hector_mapping/share/gennodejs/ros/hector_mapping/msg/HectorIterData.js, /home/bharath/quad/devel/share/gennodejs/ros/hector_mapping/msg/HectorIterData.js)
Linked: (/home/bharath/quad/devel/.private/hector_mapping/share/roseus/ros/hector_mapping/manifest.l, /home/bharath/quad/devel/share/roseus/ros/hector_mapping/manifest.l)
Linked: (/home/bharath/quad/devel/.private/hector_mapping/share/roseus/ros/hector_mapping/msg/HectorDebugInfo.l, /home/bharath/quad/devel/share/roseus/ros/hector_mapping/msg/HectorDebugInfo.l)
Linked: (/home/bharath/quad/devel/.private/hector_mapping/share/roseus/ros/hector_mapping/msg/HectorIterData.l, /home/bharath/quad/devel/share/roseus/ros/hector_mapping/msg/HectorIterData.l)
Linked: (/home/bharath/quad/devel/.private/hector_mapping/include/hector_mapping/HectorIterData.h, /home/bharath/quad/devel/include/hector_mapping/HectorIterData.h)
Linked: (/home/bharath/quad/devel/.private/hector_mapping/include/hector_mapping/HectorDebugInfo.h, /home/bharath/quad/devel/include/hector_mapping/HectorDebugInfo.h)
