[35m[1mScanning dependencies of target ardronelib[0m
[  1%] [34m[1mCreating directories for 'ardronelib'[0m
[  1%] [34m[1mPerforming download step (git clone) for 'ardronelib'[0m
Cloning into 'ardronelib'...
[35m[1mScanning dependencies of target _ardrone_autonomy_generate_messages_check_deps_navdata_watchdog[0m
[  1%] Built target _ardrone_autonomy_generate_messages_check_deps_navdata_watchdog
fatal: unable to connect to github.com:
github.com[0: 13.234.176.102]: errno=Connection timed out

Cloning into 'ardronelib'...
[35m[1mScanning dependencies of target _ardrone_autonomy_generate_messages_check_deps_CamSelect[0m
[35m[1mScanning dependencies of target _ardrone_autonomy_generate_messages_check_deps_navdata_hdvideo_stream[0m
[35m[1mScanning dependencies of target _ardrone_autonomy_generate_messages_check_deps_navdata_kalman_pressure[0m
[  1%] Built target _ardrone_autonomy_generate_messages_check_deps_navdata_kalman_pressure
[  1%] Built target _ardrone_autonomy_generate_messages_check_deps_navdata_hdvideo_stream
[  1%] Built target _ardrone_autonomy_generate_messages_check_deps_CamSelect
[35m[1mScanning dependencies of target _ardrone_autonomy_generate_messages_check_deps_navdata_vision_detect[0m
[35m[1mScanning dependencies of target _ardrone_autonomy_generate_messages_check_deps_navdata_phys_measures[0m
[35m[1mScanning dependencies of target _ardrone_autonomy_generate_messages_check_deps_vector31[0m
[  1%] Built target _ardrone_autonomy_generate_messages_check_deps_navdata_vision_detect
[35m[1mScanning dependencies of target _ardrone_autonomy_generate_messages_check_deps_navdata_zimmu_3000[0m
[  1%] Built target _ardrone_autonomy_generate_messages_check_deps_navdata_phys_measures
[  1%] Built target _ardrone_autonomy_generate_messages_check_deps_vector31
[  1%] Built target _ardrone_autonomy_generate_messages_check_deps_navdata_zimmu_3000
[35m[1mScanning dependencies of target _ardrone_autonomy_generate_messages_check_deps_matrix33[0m
[35m[1mScanning dependencies of target _ardrone_autonomy_generate_messages_check_deps_navdata_wifi[0m
[  1%] Built target _ardrone_autonomy_generate_messages_check_deps_matrix33
[  1%] Built target _ardrone_autonomy_generate_messages_check_deps_navdata_wifi
[35m[1mScanning dependencies of target geometry_msgs_generate_messages_cpp[0m
[  1%] Built target geometry_msgs_generate_messages_cpp
[35m[1mScanning dependencies of target _ardrone_autonomy_generate_messages_check_deps_navdata_adc_data_frame[0m
[35m[1mScanning dependencies of target _ardrone_autonomy_generate_messages_check_deps_navdata_games[0m
[  1%] Built target _ardrone_autonomy_generate_messages_check_deps_navdata_adc_data_frame
[  1%] Built target _ardrone_autonomy_generate_messages_check_deps_navdata_games
[35m[1mScanning dependencies of target _ardrone_autonomy_generate_messages_check_deps_navdata_rc_references[0m
[  1%] Built target _ardrone_autonomy_generate_messages_check_deps_navdata_rc_references
[35m[1mScanning dependencies of target std_msgs_generate_messages_cpp[0m
[  1%] Built target std_msgs_generate_messages_cpp
[35m[1mScanning dependencies of target _ardrone_autonomy_generate_messages_check_deps_navdata_raw_measures[0m
[35m[1mScanning dependencies of target _ardrone_autonomy_generate_messages_check_deps_navdata_euler_angles[0m
[  1%] Built target _ardrone_autonomy_generate_messages_check_deps_navdata_raw_measures
[  1%] Built target _ardrone_autonomy_generate_messages_check_deps_navdata_euler_angles
[35m[1mScanning dependencies of target _ardrone_autonomy_generate_messages_check_deps_navdata_gyros_offsets[0m
[  1%] Built target _ardrone_autonomy_generate_messages_check_deps_navdata_gyros_offsets
[35m[1mScanning dependencies of target _ardrone_autonomy_generate_messages_check_deps_RecordEnable[0m
[  1%] Built target _ardrone_autonomy_generate_messages_check_deps_RecordEnable
[35m[1mScanning dependencies of target _ardrone_autonomy_generate_messages_check_deps_navdata_altitude[0m
[  1%] Built target _ardrone_autonomy_generate_messages_check_deps_navdata_altitude
[35m[1mScanning dependencies of target _ardrone_autonomy_generate_messages_check_deps_navdata_wind_speed[0m
[  1%] Built target _ardrone_autonomy_generate_messages_check_deps_navdata_wind_speed
[35m[1mScanning dependencies of target _ardrone_autonomy_generate_messages_check_deps_navdata_vision_of[0m
[  1%] Built target _ardrone_autonomy_generate_messages_check_deps_navdata_vision_of
[35m[1mScanning dependencies of target _ardrone_autonomy_generate_messages_check_deps_navdata_pressure_raw[0m
[  1%] Built target _ardrone_autonomy_generate_messages_check_deps_navdata_pressure_raw
[35m[1mScanning dependencies of target _ardrone_autonomy_generate_messages_check_deps_navdata_vision_perf[0m
[  1%] Built target _ardrone_autonomy_generate_messages_check_deps_navdata_vision_perf
[35m[1mScanning dependencies of target _ardrone_autonomy_generate_messages_check_deps_navdata_demo[0m
[  1%] Built target _ardrone_autonomy_generate_messages_check_deps_navdata_demo
[35m[1mScanning dependencies of target _ardrone_autonomy_generate_messages_check_deps_navdata_magneto[0m
[  1%] Built target _ardrone_autonomy_generate_messages_check_deps_navdata_magneto
[35m[1mScanning dependencies of target _ardrone_autonomy_generate_messages_check_deps_navdata_trims[0m
[  1%] Built target _ardrone_autonomy_generate_messages_check_deps_navdata_trims
[35m[1mScanning dependencies of target _ardrone_autonomy_generate_messages_check_deps_navdata_time[0m
[  1%] Built target _ardrone_autonomy_generate_messages_check_deps_navdata_time
[35m[1mScanning dependencies of target _ardrone_autonomy_generate_messages_check_deps_navdata_vision_raw[0m
[  1%] Built target _ardrone_autonomy_generate_messages_check_deps_navdata_vision_raw
[35m[1mScanning dependencies of target _ardrone_autonomy_generate_messages_check_deps_FlightAnim[0m
[  1%] Built target _ardrone_autonomy_generate_messages_check_deps_FlightAnim
[35m[1mScanning dependencies of target _ardrone_autonomy_generate_messages_check_deps_navdata_references[0m
[  1%] Built target _ardrone_autonomy_generate_messages_check_deps_navdata_references
[35m[1mScanning dependencies of target _ardrone_autonomy_generate_messages_check_deps_navdata_trackers_send[0m
[  1%] Built target _ardrone_autonomy_generate_messages_check_deps_navdata_trackers_send
[35m[1mScanning dependencies of target _ardrone_autonomy_generate_messages_check_deps_LedAnim[0m
[  1%] Built target _ardrone_autonomy_generate_messages_check_deps_LedAnim
[35m[1mScanning dependencies of target _ardrone_autonomy_generate_messages_check_deps_navdata_vision[0m
[  1%] Built target _ardrone_autonomy_generate_messages_check_deps_navdata_vision
[35m[1mScanning dependencies of target _ardrone_autonomy_generate_messages_check_deps_vector21[0m
[  1%] Built target _ardrone_autonomy_generate_messages_check_deps_vector21
[35m[1mScanning dependencies of target _ardrone_autonomy_generate_messages_check_deps_navdata_video_stream[0m
[  1%] Built target _ardrone_autonomy_generate_messages_check_deps_navdata_video_stream
[35m[1mScanning dependencies of target _ardrone_autonomy_generate_messages_check_deps_navdata_pwm[0m
[  1%] Built target _ardrone_autonomy_generate_messages_check_deps_navdata_pwm
[35m[1mScanning dependencies of target _ardrone_autonomy_generate_messages_check_deps_Navdata[0m
[  1%] Built target _ardrone_autonomy_generate_messages_check_deps_Navdata
[35m[1mScanning dependencies of target geometry_msgs_generate_messages_lisp[0m
[  1%] Built target geometry_msgs_generate_messages_lisp
[35m[1mScanning dependencies of target std_msgs_generate_messages_lisp[0m
[  1%] Built target std_msgs_generate_messages_lisp
[35m[1mScanning dependencies of target geometry_msgs_generate_messages_py[0m
[  1%] Built target geometry_msgs_generate_messages_py
[35m[1mScanning dependencies of target std_msgs_generate_messages_py[0m
[  1%] Built target std_msgs_generate_messages_py
[35m[1mScanning dependencies of target std_msgs_generate_messages_nodejs[0m
[  1%] Built target std_msgs_generate_messages_nodejs
[35m[1mScanning dependencies of target geometry_msgs_generate_messages_nodejs[0m
[  1%] Built target geometry_msgs_generate_messages_nodejs
[35m[1mScanning dependencies of target std_msgs_generate_messages_eus[0m
[  1%] Built target std_msgs_generate_messages_eus
[35m[1mScanning dependencies of target geometry_msgs_generate_messages_eus[0m
[  1%] Built target geometry_msgs_generate_messages_eus
[35m[1mScanning dependencies of target ardrone_autonomy_generate_messages_cpp[0m
[  1%] [34m[1mGenerating C++ code from ardrone_autonomy/navdata_zimmu_3000.msg[0m
[  1%] [34m[1mGenerating C++ code from ardrone_autonomy/navdata_demo.msg[0m
[  2%] [34m[1mGenerating C++ code from ardrone_autonomy/navdata_games.msg[0m
[  2%] [34m[1mGenerating C++ code from ardrone_autonomy/navdata_vision_perf.msg[0m
[  3%] [34m[1mGenerating C++ code from ardrone_autonomy/navdata_time.msg[0m
[  3%] [34m[1mGenerating C++ code from ardrone_autonomy/navdata_magneto.msg[0m
[  4%] [34m[1mGenerating C++ code from ardrone_autonomy/navdata_vision_raw.msg[0m
[  4%] [34m[1mGenerating C++ code from ardrone_autonomy/navdata_trackers_send.msg[0m
[  5%] [34m[1mGenerating C++ code from ardrone_autonomy/navdata_vision_of.msg[0m
[  5%] [34m[1mGenerating C++ code from ardrone_autonomy/vector31.msg[0m
[  6%] [34m[1mGenerating C++ code from ardrone_autonomy/navdata_vision.msg[0m
[  6%] [34m[1mGenerating C++ code from ardrone_autonomy/vector21.msg[0m
[  7%] [34m[1mGenerating C++ code from ardrone_autonomy/navdata_video_stream.msg[0m
[  7%] [34m[1mGenerating C++ code from ardrone_autonomy/navdata_pwm.msg[0m
[  8%] [34m[1mGenerating C++ code from ardrone_autonomy/navdata_raw_measures.msg[0m
[  8%] [34m[1mGenerating C++ code from ardrone_autonomy/Navdata.msg[0m
[  9%] [34m[1mGenerating C++ code from ardrone_autonomy/navdata_altitude.msg[0m
[  9%] [34m[1mGenerating C++ code from ardrone_autonomy/navdata_adc_data_frame.msg[0m
[ 10%] [34m[1mGenerating C++ code from ardrone_autonomy/navdata_watchdog.msg[0m
[ 10%] [34m[1mGenerating C++ code from ardrone_autonomy/navdata_pressure_raw.msg[0m
[ 11%] [34m[1mGenerating C++ code from ardrone_autonomy/navdata_euler_angles.msg[0m
[ 11%] [34m[1mGenerating C++ code from ardrone_autonomy/navdata_wind_speed.msg[0m
[ 12%] [34m[1mGenerating C++ code from ardrone_autonomy/navdata_references.msg[0m
[ 12%] [34m[1mGenerating C++ code from ardrone_autonomy/matrix33.msg[0m
[ 13%] [34m[1mGenerating C++ code from ardrone_autonomy/navdata_trims.msg[0m
[ 13%] [34m[1mGenerating C++ code from ardrone_autonomy/navdata_gyros_offsets.msg[0m
[ 14%] [34m[1mGenerating C++ code from ardrone_autonomy/navdata_phys_measures.msg[0m
[ 14%] [34m[1mGenerating C++ code from ardrone_autonomy/navdata_wifi.msg[0m
[ 15%] [34m[1mGenerating C++ code from ardrone_autonomy/navdata_vision_detect.msg[0m
[ 15%] [34m[1mGenerating C++ code from ardrone_autonomy/navdata_hdvideo_stream.msg[0m
[ 15%] [34m[1mGenerating C++ code from ardrone_autonomy/navdata_kalman_pressure.msg[0m
[ 17%] [34m[1mGenerating C++ code from ardrone_autonomy/navdata_rc_references.msg[0m
[ 17%] [34m[1mGenerating C++ code from ardrone_autonomy/LedAnim.srv[0m
[ 18%] [34m[1mGenerating C++ code from ardrone_autonomy/CamSelect.srv[0m
[ 18%] [34m[1mGenerating C++ code from ardrone_autonomy/FlightAnim.srv[0m
[ 19%] [34m[1mGenerating C++ code from ardrone_autonomy/RecordEnable.srv[0m
[ 19%] Built target ardrone_autonomy_generate_messages_cpp
[35m[1mScanning dependencies of target ardrone_autonomy_generate_messages_lisp[0m
[ 19%] [34m[1mGenerating Lisp code from ardrone_autonomy/navdata_zimmu_3000.msg[0m
[ 20%] [34m[1mGenerating Lisp code from ardrone_autonomy/navdata_demo.msg[0m
[ 20%] [34m[1mGenerating Lisp code from ardrone_autonomy/navdata_games.msg[0m
[ 21%] [34m[1mGenerating Lisp code from ardrone_autonomy/navdata_vision_perf.msg[0m
[ 21%] [34m[1mGenerating Lisp code from ardrone_autonomy/navdata_time.msg[0m
[ 22%] [34m[1mGenerating Lisp code from ardrone_autonomy/navdata_magneto.msg[0m
[ 22%] [34m[1mGenerating Lisp code from ardrone_autonomy/navdata_vision_raw.msg[0m
[ 23%] [34m[1mGenerating Lisp code from ardrone_autonomy/navdata_trackers_send.msg[0m
[ 23%] [34m[1mGenerating Lisp code from ardrone_autonomy/navdata_vision_of.msg[0m
[ 24%] [34m[1mGenerating Lisp code from ardrone_autonomy/vector31.msg[0m
[ 24%] [34m[1mGenerating Lisp code from ardrone_autonomy/navdata_vision.msg[0m
[ 25%] [34m[1mGenerating Lisp code from ardrone_autonomy/vector21.msg[0m
[ 25%] [34m[1mGenerating Lisp code from ardrone_autonomy/navdata_video_stream.msg[0m
[ 26%] [34m[1mGenerating Lisp code from ardrone_autonomy/navdata_pwm.msg[0m
[ 26%] [34m[1mGenerating Lisp code from ardrone_autonomy/navdata_raw_measures.msg[0m
[ 26%] [34m[1mGenerating Lisp code from ardrone_autonomy/Navdata.msg[0m
[ 27%] [34m[1mGenerating Lisp code from ardrone_autonomy/navdata_altitude.msg[0m
[ 27%] [34m[1mGenerating Lisp code from ardrone_autonomy/navdata_adc_data_frame.msg[0m
[ 28%] [34m[1mGenerating Lisp code from ardrone_autonomy/navdata_watchdog.msg[0m
[35m[1mScanning dependencies of target ardrone_autonomy_generate_messages_py[0m
[ 28%] [34m[1mGenerating Python from MSG ardrone_autonomy/navdata_zimmu_3000[0m
[ 28%] [34m[1mGenerating Lisp code from ardrone_autonomy/navdata_pressure_raw.msg[0m
[ 29%] [34m[1mGenerating Python from MSG ardrone_autonomy/navdata_demo[0m
[ 29%] [34m[1mGenerating Python from MSG ardrone_autonomy/navdata_games[0m
[ 30%] [34m[1mGenerating Lisp code from ardrone_autonomy/navdata_euler_angles.msg[0m
[ 30%] [34m[1mGenerating Python from MSG ardrone_autonomy/navdata_vision_perf[0m
[ 30%] [34m[1mGenerating Lisp code from ardrone_autonomy/navdata_wind_speed.msg[0m
[ 31%] [34m[1mGenerating Python from MSG ardrone_autonomy/navdata_time[0m
[ 31%] [34m[1mGenerating Python from MSG ardrone_autonomy/navdata_magneto[0m
[ 32%] [34m[1mGenerating Python from MSG ardrone_autonomy/navdata_vision_raw[0m
[ 32%] [34m[1mGenerating Python from MSG ardrone_autonomy/navdata_trackers_send[0m
[ 34%] [34m[1mGenerating Python from MSG ardrone_autonomy/navdata_vision_of[0m
[ 34%] [34m[1mGenerating Python from MSG ardrone_autonomy/vector31[0m
[ 35%] [34m[1mGenerating Lisp code from ardrone_autonomy/navdata_references.msg[0m
[ 36%] [34m[1mGenerating Python from MSG ardrone_autonomy/navdata_vision[0m
[ 36%] [34m[1mGenerating Python from MSG ardrone_autonomy/vector21[0m
[ 37%] [34m[1mGenerating Python from MSG ardrone_autonomy/navdata_video_stream[0m
[ 37%] [34m[1mGenerating Python from MSG ardrone_autonomy/navdata_pwm[0m
[ 38%] [34m[1mGenerating Python from MSG ardrone_autonomy/navdata_raw_measures[0m
[ 38%] [34m[1mGenerating Python from MSG ardrone_autonomy/Navdata[0m
[ 39%] [34m[1mGenerating Python from MSG ardrone_autonomy/navdata_altitude[0m
[ 39%] [34m[1mGenerating Python from MSG ardrone_autonomy/navdata_adc_data_frame[0m
[ 40%] [34m[1mGenerating Python from MSG ardrone_autonomy/navdata_watchdog[0m
[ 40%] [34m[1mGenerating Python from MSG ardrone_autonomy/navdata_pressure_raw[0m
[ 41%] [34m[1mGenerating Python from MSG ardrone_autonomy/navdata_euler_angles[0m
[ 41%] [34m[1mGenerating Python from MSG ardrone_autonomy/navdata_wind_speed[0m
[ 42%] [34m[1mGenerating Python from MSG ardrone_autonomy/navdata_references[0m
[ 42%] [34m[1mGenerating Lisp code from ardrone_autonomy/matrix33.msg[0m
[ 42%] [34m[1mGenerating Python from MSG ardrone_autonomy/matrix33[0m
[ 43%] [34m[1mGenerating Lisp code from ardrone_autonomy/navdata_trims.msg[0m
[ 44%] [34m[1mGenerating Python from MSG ardrone_autonomy/navdata_trims[0m
[ 44%] [34m[1mGenerating Python from MSG ardrone_autonomy/navdata_gyros_offsets[0m
[ 45%] [34m[1mGenerating Python from MSG ardrone_autonomy/navdata_phys_measures[0m
[ 45%] [34m[1mGenerating Python from MSG ardrone_autonomy/navdata_wifi[0m
[ 46%] [34m[1mGenerating Python from MSG ardrone_autonomy/navdata_vision_detect[0m
[ 46%] [34m[1mGenerating Python from MSG ardrone_autonomy/navdata_hdvideo_stream[0m
[ 47%] [34m[1mGenerating Python from MSG ardrone_autonomy/navdata_kalman_pressure[0m
[ 47%] [34m[1mGenerating Python from MSG ardrone_autonomy/navdata_rc_references[0m
[ 47%] [34m[1mGenerating Python code from SRV ardrone_autonomy/LedAnim[0m
[ 48%] [34m[1mGenerating Python code from SRV ardrone_autonomy/CamSelect[0m
[ 48%] [34m[1mGenerating Python code from SRV ardrone_autonomy/FlightAnim[0m
[ 50%] [34m[1mGenerating Python code from SRV ardrone_autonomy/RecordEnable[0m
[ 50%] [34m[1mGenerating Python msg __init__.py for ardrone_autonomy[0m
[ 50%] [34m[1mGenerating Lisp code from ardrone_autonomy/navdata_gyros_offsets.msg[0m
[ 51%] [34m[1mGenerating Python srv __init__.py for ardrone_autonomy[0m
[ 51%] Built target ardrone_autonomy_generate_messages_py
[ 52%] [34m[1mGenerating Lisp code from ardrone_autonomy/navdata_phys_measures.msg[0m
[ 52%] [34m[1mGenerating Lisp code from ardrone_autonomy/navdata_wifi.msg[0m
[ 53%] [34m[1mGenerating Lisp code from ardrone_autonomy/navdata_vision_detect.msg[0m
[35m[1mScanning dependencies of target ardrone_autonomy_generate_messages_nodejs[0m
[ 54%] [34m[1mGenerating Javascript code from ardrone_autonomy/navdata_zimmu_3000.msg[0m
[ 54%] [34m[1mGenerating Lisp code from ardrone_autonomy/navdata_hdvideo_stream.msg[0m
[ 54%] [34m[1mGenerating Javascript code from ardrone_autonomy/navdata_demo.msg[0m
[ 56%] [34m[1mGenerating Javascript code from ardrone_autonomy/navdata_games.msg[0m
[ 56%] [34m[1mGenerating Lisp code from ardrone_autonomy/navdata_kalman_pressure.msg[0m
[ 56%] [34m[1mGenerating Lisp code from ardrone_autonomy/navdata_rc_references.msg[0m
[ 56%] [34m[1mGenerating Javascript code from ardrone_autonomy/navdata_vision_perf.msg[0m
[35m[1mScanning dependencies of target ardrone_autonomy_generate_messages_eus[0m
[ 57%] [34m[1mGenerating Javascript code from ardrone_autonomy/navdata_time.msg[0m
[ 57%] [34m[1mGenerating Javascript code from ardrone_autonomy/navdata_magneto.msg[0m
[ 57%] [34m[1mGenerating EusLisp code from ardrone_autonomy/navdata_zimmu_3000.msg[0m
[ 58%] [34m[1mGenerating Lisp code from ardrone_autonomy/LedAnim.srv[0m
[ 58%] [34m[1mGenerating Lisp code from ardrone_autonomy/CamSelect.srv[0m
[ 59%] [34m[1mGenerating EusLisp code from ardrone_autonomy/navdata_demo.msg[0m
[ 60%] [34m[1mGenerating Lisp code from ardrone_autonomy/FlightAnim.srv[0m
[ 60%] [34m[1mGenerating EusLisp code from ardrone_autonomy/navdata_games.msg[0m
[ 60%] [34m[1mGenerating Lisp code from ardrone_autonomy/RecordEnable.srv[0m
[ 61%] [34m[1mGenerating Javascript code from ardrone_autonomy/navdata_vision_raw.msg[0m
[ 61%] [34m[1mGenerating Javascript code from ardrone_autonomy/navdata_trackers_send.msg[0m
[ 62%] [34m[1mGenerating EusLisp code from ardrone_autonomy/navdata_vision_perf.msg[0m
[ 62%] [34m[1mGenerating EusLisp code from ardrone_autonomy/navdata_time.msg[0m
[ 63%] [34m[1mGenerating EusLisp code from ardrone_autonomy/navdata_magneto.msg[0m
[ 64%] [34m[1mGenerating Javascript code from ardrone_autonomy/navdata_vision_of.msg[0m
[ 64%] Built target ardrone_autonomy_generate_messages_lisp
[ 65%] [34m[1mGenerating EusLisp code from ardrone_autonomy/navdata_vision_raw.msg[0m
[ 65%] [34m[1mGenerating EusLisp code from ardrone_autonomy/navdata_trackers_send.msg[0m
[ 65%] [34m[1mGenerating Javascript code from ardrone_autonomy/vector31.msg[0m
[ 65%] [34m[1mGenerating Javascript code from ardrone_autonomy/navdata_vision.msg[0m
[ 67%] [34m[1mGenerating Javascript code from ardrone_autonomy/vector21.msg[0m
[ 67%] [34m[1mGenerating EusLisp code from ardrone_autonomy/navdata_vision_of.msg[0m
[ 68%] [34m[1mGenerating EusLisp code from ardrone_autonomy/vector31.msg[0m
[ 68%] [34m[1mGenerating EusLisp code from ardrone_autonomy/navdata_vision.msg[0m
[35m[1mScanning dependencies of target ardrone_autonomy_gencpp[0m
[ 70%] Built target ardrone_autonomy_gencpp
[ 70%] [34m[1mGenerating EusLisp code from ardrone_autonomy/vector21.msg[0m
[ 70%] [34m[1mGenerating EusLisp code from ardrone_autonomy/navdata_video_stream.msg[0m
[ 70%] [34m[1mGenerating EusLisp code from ardrone_autonomy/navdata_pwm.msg[0m
[ 70%] [34m[1mGenerating Javascript code from ardrone_autonomy/navdata_video_stream.msg[0m
[ 70%] [34m[1mGenerating EusLisp code from ardrone_autonomy/navdata_raw_measures.msg[0m
[ 71%] [34m[1mGenerating Javascript code from ardrone_autonomy/navdata_pwm.msg[0m
[ 72%] [34m[1mGenerating EusLisp code from ardrone_autonomy/Navdata.msg[0m
[ 72%] [34m[1mGenerating Javascript code from ardrone_autonomy/navdata_raw_measures.msg[0m
[ 73%] [34m[1mGenerating Javascript code from ardrone_autonomy/Navdata.msg[0m
[ 73%] [34m[1mGenerating Javascript code from ardrone_autonomy/navdata_altitude.msg[0m
[ 74%] [34m[1mGenerating Javascript code from ardrone_autonomy/navdata_adc_data_frame.msg[0m
[ 74%] [34m[1mGenerating EusLisp code from ardrone_autonomy/navdata_altitude.msg[0m
[ 74%] [34m[1mGenerating EusLisp code from ardrone_autonomy/navdata_watchdog.msg[0m
[ 74%] [34m[1mGenerating Javascript code from ardrone_autonomy/navdata_watchdog.msg[0m
[ 75%] [34m[1mGenerating EusLisp code from ardrone_autonomy/navdata_adc_data_frame.msg[0m
[ 76%] [34m[1mGenerating Javascript code from ardrone_autonomy/navdata_pressure_raw.msg[0m
[ 76%] [34m[1mGenerating Javascript code from ardrone_autonomy/navdata_euler_angles.msg[0m
[ 77%] [34m[1mGenerating EusLisp code from ardrone_autonomy/navdata_pressure_raw.msg[0m
[ 79%] [34m[1mGenerating EusLisp code from ardrone_autonomy/navdata_euler_angles.msg[0m
[ 79%] [34m[1mGenerating EusLisp code from ardrone_autonomy/navdata_wind_speed.msg[0m
[ 79%] [34m[1mGenerating Javascript code from ardrone_autonomy/navdata_wind_speed.msg[0m
[ 79%] [34m[1mGenerating Javascript code from ardrone_autonomy/navdata_references.msg[0m
[ 80%] [34m[1mGenerating Javascript code from ardrone_autonomy/matrix33.msg[0m
[ 80%] [34m[1mGenerating EusLisp code from ardrone_autonomy/navdata_references.msg[0m
[ 80%] [34m[1mGenerating EusLisp code from ardrone_autonomy/matrix33.msg[0m
[ 81%] [34m[1mGenerating Javascript code from ardrone_autonomy/navdata_trims.msg[0m
[ 81%] [34m[1mGenerating EusLisp code from ardrone_autonomy/navdata_trims.msg[0m
[ 82%] [34m[1mGenerating Javascript code from ardrone_autonomy/navdata_gyros_offsets.msg[0m
[ 82%] [34m[1mGenerating Javascript code from ardrone_autonomy/navdata_phys_measures.msg[0m
[ 84%] [34m[1mGenerating Javascript code from ardrone_autonomy/navdata_wifi.msg[0m
[ 85%] [34m[1mGenerating Javascript code from ardrone_autonomy/navdata_vision_detect.msg[0m
[ 85%] [34m[1mGenerating EusLisp code from ardrone_autonomy/navdata_gyros_offsets.msg[0m
[ 85%] [34m[1mGenerating Javascript code from ardrone_autonomy/navdata_hdvideo_stream.msg[0m
[ 86%] [34m[1mGenerating EusLisp code from ardrone_autonomy/navdata_phys_measures.msg[0m
[ 86%] [34m[1mGenerating EusLisp code from ardrone_autonomy/navdata_wifi.msg[0m
[ 86%] [34m[1mGenerating Javascript code from ardrone_autonomy/navdata_kalman_pressure.msg[0m
[ 86%] [34m[1mGenerating EusLisp code from ardrone_autonomy/navdata_hdvideo_stream.msg[0m
[ 87%] [34m[1mGenerating EusLisp code from ardrone_autonomy/navdata_vision_detect.msg[0m
[ 88%] [34m[1mGenerating Javascript code from ardrone_autonomy/navdata_rc_references.msg[0m
[ 88%] [34m[1mGenerating Javascript code from ardrone_autonomy/LedAnim.srv[0m
[ 89%] [34m[1mGenerating EusLisp code from ardrone_autonomy/navdata_kalman_pressure.msg[0m
[ 89%] [34m[1mGenerating Javascript code from ardrone_autonomy/FlightAnim.srv[0m
[ 89%] [34m[1mGenerating EusLisp code from ardrone_autonomy/navdata_rc_references.msg[0m
[ 90%] [34m[1mGenerating Javascript code from ardrone_autonomy/CamSelect.srv[0m
[ 91%] [34m[1mGenerating EusLisp code from ardrone_autonomy/LedAnim.srv[0m
[ 92%] [34m[1mGenerating Javascript code from ardrone_autonomy/RecordEnable.srv[0m
[ 92%] [34m[1mGenerating EusLisp code from ardrone_autonomy/CamSelect.srv[0m
[ 93%] [34m[1mGenerating EusLisp code from ardrone_autonomy/FlightAnim.srv[0m
[ 93%] [34m[1mGenerating EusLisp code from ardrone_autonomy/RecordEnable.srv[0m
[ 94%] [34m[1mGenerating EusLisp manifest code for ardrone_autonomy[0m
[ 94%] Built target ardrone_autonomy_generate_messages_nodejs
[ 94%] Built target ardrone_autonomy_generate_messages_eus
[35m[1mScanning dependencies of target ardrone_autonomy_generate_messages[0m
[ 94%] Built target ardrone_autonomy_generate_messages
fatal: unable to connect to github.com:
github.com[0: 13.234.176.102]: errno=Connection timed out

Cloning into 'ardronelib'...
fatal: unable to connect to github.com:
github.com[0: 13.234.210.38]: errno=Connection timed out

-- Had to git clone more than once:
          3 times.
CMake Error at /home/bharath/quad/devel/.private/ardrone_autonomy/tmp/ardronelib-gitclone.cmake:66 (message):
  Failed to clone repository: 'git://github.com/AutonomyLab/ardronelib.git'


CMakeFiles/ardronelib.dir/build.make:89: recipe for target '/home/bharath/quad/devel/.private/ardrone_autonomy/src/ardronelib-stamp/ardronelib-download' failed
make[2]: *** [/home/bharath/quad/devel/.private/ardrone_autonomy/src/ardronelib-stamp/ardronelib-download] Error 1
CMakeFiles/Makefile2:2690: recipe for target 'CMakeFiles/ardronelib.dir/all' failed
make[1]: *** [CMakeFiles/ardronelib.dir/all] Error 2
Makefile:140: recipe for target 'all' failed
make: *** [all] Error 2
