Determining if the pthread_create exist failed with the following output:
Change Dir: /home/bharath/quad/build/hector_marker_drawing/CMakeFiles/CMakeTmp

Run Build Command:"/usr/bin/make" "cmTC_e423b/fast"
/usr/bin/make -f CMakeFiles/cmTC_e423b.dir/build.make CMakeFiles/cmTC_e423b.dir/build
make[1]: Entering directory '/home/bharath/quad/build/hector_marker_drawing/CMakeFiles/CMakeTmp'
Building C object CMakeFiles/cmTC_e423b.dir/CheckSymbolExists.c.o
/usr/bin/cc    -o CMakeFiles/cmTC_e423b.dir/CheckSymbolExists.c.o   -c /home/bharath/quad/build/hector_marker_drawing/CMakeFiles/CMakeTmp/CheckSymbolExists.c
Linking C executable cmTC_e423b
/usr/bin/cmake -E cmake_link_script CMakeFiles/cmTC_e423b.dir/link.txt --verbose=1
/usr/bin/cc      -rdynamic CMakeFiles/cmTC_e423b.dir/CheckSymbolExists.c.o  -o cmTC_e423b 
CMakeFiles/cmTC_e423b.dir/CheckSymbolExists.c.o: In function `main':
CheckSymbolExists.c:(.text+0x1b): undefined reference to `pthread_create'
collect2: error: ld returned 1 exit status
CMakeFiles/cmTC_e423b.dir/build.make:97: recipe for target 'cmTC_e423b' failed
make[1]: *** [cmTC_e423b] Error 1
make[1]: Leaving directory '/home/bharath/quad/build/hector_marker_drawing/CMakeFiles/CMakeTmp'
Makefile:126: recipe for target 'cmTC_e423b/fast' failed
make: *** [cmTC_e423b/fast] Error 2

File /home/bharath/quad/build/hector_marker_drawing/CMakeFiles/CMakeTmp/CheckSymbolExists.c:
/* */
#include <pthread.h>

int main(int argc, char** argv)
{
  (void)argv;
#ifndef pthread_create
  return ((int*)(&pthread_create))[argc];
#else
  (void)argc;
  return 0;
#endif
}

Determining if the function pthread_create exists in the pthreads failed with the following output:
Change Dir: /home/bharath/quad/build/hector_marker_drawing/CMakeFiles/CMakeTmp

Run Build Command:"/usr/bin/make" "cmTC_e1678/fast"
/usr/bin/make -f CMakeFiles/cmTC_e1678.dir/build.make CMakeFiles/cmTC_e1678.dir/build
make[1]: Entering directory '/home/bharath/quad/build/hector_marker_drawing/CMakeFiles/CMakeTmp'
Building C object CMakeFiles/cmTC_e1678.dir/CheckFunctionExists.c.o
/usr/bin/cc   -DCHECK_FUNCTION_EXISTS=pthread_create   -o CMakeFiles/cmTC_e1678.dir/CheckFunctionExists.c.o   -c /usr/share/cmake-3.10/Modules/CheckFunctionExists.c
Linking C executable cmTC_e1678
/usr/bin/cmake -E cmake_link_script CMakeFiles/cmTC_e1678.dir/link.txt --verbose=1
/usr/bin/cc  -DCHECK_FUNCTION_EXISTS=pthread_create    -rdynamic CMakeFiles/cmTC_e1678.dir/CheckFunctionExists.c.o  -o cmTC_e1678 -lpthreads 
/usr/bin/ld: cannot find -lpthreads
collect2: error: ld returned 1 exit status
CMakeFiles/cmTC_e1678.dir/build.make:97: recipe for target 'cmTC_e1678' failed
make[1]: *** [cmTC_e1678] Error 1
make[1]: Leaving directory '/home/bharath/quad/build/hector_marker_drawing/CMakeFiles/CMakeTmp'
Makefile:126: recipe for target 'cmTC_e1678/fast' failed
make: *** [cmTC_e1678/fast] Error 2


