Determining if the pthread_create exist failed with the following output:
Change Dir: /home/bharath/quad/build/hector_gazebo_worlds/CMakeFiles/CMakeTmp

Run Build Command:"/usr/bin/make" "cmTC_43e5c/fast"
/usr/bin/make -f CMakeFiles/cmTC_43e5c.dir/build.make CMakeFiles/cmTC_43e5c.dir/build
make[1]: Entering directory '/home/bharath/quad/build/hector_gazebo_worlds/CMakeFiles/CMakeTmp'
Building C object CMakeFiles/cmTC_43e5c.dir/CheckSymbolExists.c.o
/usr/bin/cc    -o CMakeFiles/cmTC_43e5c.dir/CheckSymbolExists.c.o   -c /home/bharath/quad/build/hector_gazebo_worlds/CMakeFiles/CMakeTmp/CheckSymbolExists.c
Linking C executable cmTC_43e5c
/usr/bin/cmake -E cmake_link_script CMakeFiles/cmTC_43e5c.dir/link.txt --verbose=1
/usr/bin/cc      -rdynamic CMakeFiles/cmTC_43e5c.dir/CheckSymbolExists.c.o  -o cmTC_43e5c 
CMakeFiles/cmTC_43e5c.dir/CheckSymbolExists.c.o: In function `main':
CheckSymbolExists.c:(.text+0x1b): undefined reference to `pthread_create'
collect2: error: ld returned 1 exit status
CMakeFiles/cmTC_43e5c.dir/build.make:97: recipe for target 'cmTC_43e5c' failed
make[1]: *** [cmTC_43e5c] Error 1
make[1]: Leaving directory '/home/bharath/quad/build/hector_gazebo_worlds/CMakeFiles/CMakeTmp'
Makefile:126: recipe for target 'cmTC_43e5c/fast' failed
make: *** [cmTC_43e5c/fast] Error 2

File /home/bharath/quad/build/hector_gazebo_worlds/CMakeFiles/CMakeTmp/CheckSymbolExists.c:
/* */
#include <pthread.h>

int main(int argc, char** argv)
{
  (void)argv;
#ifndef pthread_create
  return ((int*)(&pthread_create))[argc];
#else
  (void)argc;
  return 0;
#endif
}

Determining if the function pthread_create exists in the pthreads failed with the following output:
Change Dir: /home/bharath/quad/build/hector_gazebo_worlds/CMakeFiles/CMakeTmp

Run Build Command:"/usr/bin/make" "cmTC_66d36/fast"
/usr/bin/make -f CMakeFiles/cmTC_66d36.dir/build.make CMakeFiles/cmTC_66d36.dir/build
make[1]: Entering directory '/home/bharath/quad/build/hector_gazebo_worlds/CMakeFiles/CMakeTmp'
Building C object CMakeFiles/cmTC_66d36.dir/CheckFunctionExists.c.o
/usr/bin/cc   -DCHECK_FUNCTION_EXISTS=pthread_create   -o CMakeFiles/cmTC_66d36.dir/CheckFunctionExists.c.o   -c /usr/share/cmake-3.10/Modules/CheckFunctionExists.c
Linking C executable cmTC_66d36
/usr/bin/cmake -E cmake_link_script CMakeFiles/cmTC_66d36.dir/link.txt --verbose=1
/usr/bin/cc  -DCHECK_FUNCTION_EXISTS=pthread_create    -rdynamic CMakeFiles/cmTC_66d36.dir/CheckFunctionExists.c.o  -o cmTC_66d36 -lpthreads 
/usr/bin/ld: cannot find -lpthreads
collect2: error: ld returned 1 exit status
CMakeFiles/cmTC_66d36.dir/build.make:97: recipe for target 'cmTC_66d36' failed
make[1]: *** [cmTC_66d36] Error 1
make[1]: Leaving directory '/home/bharath/quad/build/hector_gazebo_worlds/CMakeFiles/CMakeTmp'
Makefile:126: recipe for target 'cmTC_66d36/fast' failed
make: *** [cmTC_66d36/fast] Error 2


