Determining if the pthread_create exist failed with the following output:
Change Dir: /home/bharath/quad/build/hector_quadrotor_model/CMakeFiles/CMakeTmp

Run Build Command:"/usr/bin/make" "cmTC_a30ca/fast"
/usr/bin/make -f CMakeFiles/cmTC_a30ca.dir/build.make CMakeFiles/cmTC_a30ca.dir/build
make[1]: Entering directory '/home/bharath/quad/build/hector_quadrotor_model/CMakeFiles/CMakeTmp'
Building C object CMakeFiles/cmTC_a30ca.dir/CheckSymbolExists.c.o
/usr/bin/cc    -o CMakeFiles/cmTC_a30ca.dir/CheckSymbolExists.c.o   -c /home/bharath/quad/build/hector_quadrotor_model/CMakeFiles/CMakeTmp/CheckSymbolExists.c
Linking C executable cmTC_a30ca
/usr/bin/cmake -E cmake_link_script CMakeFiles/cmTC_a30ca.dir/link.txt --verbose=1
/usr/bin/cc      -rdynamic CMakeFiles/cmTC_a30ca.dir/CheckSymbolExists.c.o  -o cmTC_a30ca 
CMakeFiles/cmTC_a30ca.dir/CheckSymbolExists.c.o: In function `main':
CheckSymbolExists.c:(.text+0x1b): undefined reference to `pthread_create'
collect2: error: ld returned 1 exit status
CMakeFiles/cmTC_a30ca.dir/build.make:97: recipe for target 'cmTC_a30ca' failed
make[1]: *** [cmTC_a30ca] Error 1
make[1]: Leaving directory '/home/bharath/quad/build/hector_quadrotor_model/CMakeFiles/CMakeTmp'
Makefile:126: recipe for target 'cmTC_a30ca/fast' failed
make: *** [cmTC_a30ca/fast] Error 2

File /home/bharath/quad/build/hector_quadrotor_model/CMakeFiles/CMakeTmp/CheckSymbolExists.c:
/* */
#include <pthread.h>

int main(int argc, char** argv)
{
  (void)argv;
#ifndef pthread_create
  return ((int*)(&pthread_create))[argc];
#else
  (void)argc;
  return 0;
#endif
}

Determining if the function pthread_create exists in the pthreads failed with the following output:
Change Dir: /home/bharath/quad/build/hector_quadrotor_model/CMakeFiles/CMakeTmp

Run Build Command:"/usr/bin/make" "cmTC_1ef1d/fast"
/usr/bin/make -f CMakeFiles/cmTC_1ef1d.dir/build.make CMakeFiles/cmTC_1ef1d.dir/build
make[1]: Entering directory '/home/bharath/quad/build/hector_quadrotor_model/CMakeFiles/CMakeTmp'
Building C object CMakeFiles/cmTC_1ef1d.dir/CheckFunctionExists.c.o
/usr/bin/cc   -DCHECK_FUNCTION_EXISTS=pthread_create   -o CMakeFiles/cmTC_1ef1d.dir/CheckFunctionExists.c.o   -c /usr/share/cmake-3.10/Modules/CheckFunctionExists.c
Linking C executable cmTC_1ef1d
/usr/bin/cmake -E cmake_link_script CMakeFiles/cmTC_1ef1d.dir/link.txt --verbose=1
/usr/bin/cc  -DCHECK_FUNCTION_EXISTS=pthread_create    -rdynamic CMakeFiles/cmTC_1ef1d.dir/CheckFunctionExists.c.o  -o cmTC_1ef1d -lpthreads 
/usr/bin/ld: cannot find -lpthreads
collect2: error: ld returned 1 exit status
CMakeFiles/cmTC_1ef1d.dir/build.make:97: recipe for target 'cmTC_1ef1d' failed
make[1]: *** [cmTC_1ef1d] Error 1
make[1]: Leaving directory '/home/bharath/quad/build/hector_quadrotor_model/CMakeFiles/CMakeTmp'
Makefile:126: recipe for target 'cmTC_1ef1d/fast' failed
make: *** [cmTC_1ef1d/fast] Error 2


